<?xml version="1.0" encoding="UTF-8"?>
<!-- Generated by org.testng.reporters.JUnitReportReporter -->
<testsuite skipped="0" hostname="dineshkila" name="com.demoBlaze.testcases.HomePageTest" tests="1" failures="0" timestamp="15 Feb 2023 09:54:43 GMT" time="7.122" errors="0">
  <testcase name="selectMacBook" time="7.122" classname="com.demoBlaze.testcases.HomePageTest"/>
</testsuite> <!-- com.demoBlaze.testcases.HomePageTest -->
