<?xml version="1.0" encoding="UTF-8"?>
<!-- Generated by org.testng.reporters.JUnitReportReporter -->
<testsuite skipped="0" hostname="dineshkila" name="com.demoBlaze.testcases.IndexPageTest" tests="1" failures="0" timestamp="15 Feb 2023 09:53:38 GMT" time="0.216" errors="0">
  <testcase name="verifyMyLogo" time="0.216" classname="com.demoBlaze.testcases.IndexPageTest"/>
</testsuite> <!-- com.demoBlaze.testcases.IndexPageTest -->
